{"uuid":"61ba8875-8fb4-42c0-b2ea-95971d113260","historyId":"c9518fc880910b3f655b6f1c53dcca76","testCaseId":"2243c647ae39eeb9f5d0ded8feb6469b","fullName":"src/test/resources/features/changePassword.feature:3","labels":[{"name":"host","value":"DESKTOP-KHFPL78"},{"name":"thread","value":"40200@DESKTOP-KHFPL78.main(1)"},{"name":"feature","value":"Change Password"},{"name":"story","value":"Successfully change the user password"},{"name":"suite","value":"Change Password"},{"name":"testClass","value":"Successfully change the user password"},{"name":"framework","value":"cucumber6jvm"},{"name":"language","value":"java"},{"name":"gherkin_uri","value":"file:///C:/Users/Administrator/Desktop/Selenuim/CapstoneProject/src/test/resources/features/changePassword.feature"},{"name":"package","value":"src.test.resources.features.changePassword_feature.Change Password"}],"links":[],"name":"Successfully change the user password","status":"failed","statusDetails":{"known":false,"muted":false,"flaky":false,"message":"expected [true] but found [false]","trace":"java.lang.AssertionError: expected [true] but found [false]\r\n\tat org.testng.Assert.fail(Assert.java:97)\r\n\tat org.testng.Assert.failNotEquals(Assert.java:969)\r\n\tat org.testng.Assert.assertTrue(Assert.java:43)\r\n\tat org.testng.Assert.assertTrue(Assert.java:53)\r\n\tat stepdefinition.TC16_changePassword.a_confirmation_message_should_be_displayed(TC16_changePassword.java:53)\r\n\tat ✽.a confirmation message \"Your password has been updated successfully.\" should be displayed(file:///C:/Users/Administrator/Desktop/Selenuim/CapstoneProject/src/test/resources/features/changePassword.feature:8)\r\n"},"stage":"finished","steps":[{"name":"Given user is logged in","status":"passed","statusDetails":{"known":false,"muted":false,"flaky":false},"stage":"finished","steps":[],"attachments":[],"parameters":[],"start":1742280490957,"stop":1742280494080},{"name":"When user navigates to the change password page","status":"passed","statusDetails":{"known":false,"muted":false,"flaky":false},"stage":"finished","steps":[],"attachments":[],"parameters":[],"start":1742280494080,"stop":1742280494528},{"name":"And user enters a new password \"password1\" and confirms it \"password1\"","status":"passed","statusDetails":{"known":false,"muted":false,"flaky":false},"stage":"finished","steps":[],"attachments":[],"parameters":[],"start":1742280494528,"stop":1742280494823},{"name":"And user submits the password change request","status":"passed","statusDetails":{"known":false,"muted":false,"flaky":false},"stage":"finished","steps":[],"attachments":[],"parameters":[],"start":1742280494823,"stop":1742280495274},{"name":"Then a confirmation message \"Your password has been updated successfully.\" should be displayed","status":"failed","statusDetails":{"known":false,"muted":false,"flaky":false,"message":"expected [true] but found [false]","trace":"java.lang.AssertionError: expected [true] but found [false]\r\n\tat org.testng.Assert.fail(Assert.java:97)\r\n\tat org.testng.Assert.failNotEquals(Assert.java:969)\r\n\tat org.testng.Assert.assertTrue(Assert.java:43)\r\n\tat org.testng.Assert.assertTrue(Assert.java:53)\r\n\tat stepdefinition.TC16_changePassword.a_confirmation_message_should_be_displayed(TC16_changePassword.java:53)\r\n\tat ✽.a confirmation message \"Your password has been updated successfully.\" should be displayed(file:///C:/Users/Administrator/Desktop/Selenuim/CapstoneProject/src/test/resources/features/changePassword.feature:8)\r\n"},"stage":"finished","steps":[],"attachments":[],"parameters":[],"start":1742280495274,"stop":1742280495321}],"attachments":[],"parameters":[],"start":1742280486496,"stop":1742280496015}