{"uuid":"c1e746de-39c5-48e8-8411-92d24c9a6af8","historyId":"8694da5d6a2509eb4acaf5be16f9c287","testCaseId":"3ab08f3fac0464df4f9ebf05b3715c3","fullName":"src/test/resources/features/title.feature:2","labels":[{"name":"host","value":"DESKTOP-KHFPL78"},{"name":"thread","value":"49736@DESKTOP-KHFPL78.main(1)"},{"name":"feature","value":"Title Verification"},{"name":"story","value":"Verify the title of the homepage"},{"name":"suite","value":"Title Verification"},{"name":"testClass","value":"Verify the title of the homepage"},{"name":"framework","value":"cucumber6jvm"},{"name":"language","value":"java"},{"name":"gherkin_uri","value":"file:///C:/Users/Administrator/Desktop/Selenuim/CapstoneProject/src/test/resources/features/title.feature"},{"name":"package","value":"src.test.resources.features.title_feature.Title Verification"}],"links":[],"name":"Verify the title of the homepage","status":"failed","statusDetails":{"known":false,"muted":false,"flaky":false,"message":"Page Title does not match the expected title expected [JPetStore Demo2] but found [JPetStore Demo]","trace":"java.lang.AssertionError: Page Title does not match the expected title expected [JPetStore Demo2] but found [JPetStore Demo]\r\n\tat org.testng.Assert.fail(Assert.java:97)\r\n\tat org.testng.Assert.assertEqualsImpl(Assert.java:136)\r\n\tat org.testng.Assert.assertEquals(Assert.java:118)\r\n\tat org.testng.Assert.assertEquals(Assert.java:575)\r\n\tat stepdefinition.TC11_verifyTitle.the_page_title_should_be(TC11_verifyTitle.java:24)\r\n\tat ✽.the page title should be \"JPetStore Demo2\"(file:///C:/Users/Administrator/Desktop/Selenuim/CapstoneProject/src/test/resources/features/title.feature:4)\r\n"},"stage":"finished","steps":[{"name":"Given user is on the homepage","status":"passed","statusDetails":{"known":false,"muted":false,"flaky":false},"stage":"finished","steps":[],"attachments":[],"parameters":[],"start":1742288720607,"stop":1742288722363},{"name":"Then the page title should be \"JPetStore Demo2\"","status":"failed","statusDetails":{"known":false,"muted":false,"flaky":false,"message":"Page Title does not match the expected title expected [JPetStore Demo2] but found [JPetStore Demo]","trace":"java.lang.AssertionError: Page Title does not match the expected title expected [JPetStore Demo2] but found [JPetStore Demo]\r\n\tat org.testng.Assert.fail(Assert.java:97)\r\n\tat org.testng.Assert.assertEqualsImpl(Assert.java:136)\r\n\tat org.testng.Assert.assertEquals(Assert.java:118)\r\n\tat org.testng.Assert.assertEquals(Assert.java:575)\r\n\tat stepdefinition.TC11_verifyTitle.the_page_title_should_be(TC11_verifyTitle.java:24)\r\n\tat ✽.the page title should be \"JPetStore Demo2\"(file:///C:/Users/Administrator/Desktop/Selenuim/CapstoneProject/src/test/resources/features/title.feature:4)\r\n"},"stage":"finished","steps":[],"attachments":[],"parameters":[],"start":1742288722364,"stop":1742288722391}],"attachments":[],"parameters":[],"start":1742288716715,"stop":1742288723105}